# JRE version: Java(TM) SE Runtime Environment (8.0_144-b01) (build 1.8.0_144-b01)
# Java VM: Java HotSpot(TM) 64-Bit Server VM (25.144-b01 mixed mode windows-amd64 compressed oops)
Heap:
 PSYoungGen      total 127488K, used 77098K [0x00000000eb200000, 0x00000000f8200000, 0x0000000100000000)
  eden space 60416K, 38% used [0x00000000eb200000,0x00000000ec89e898,0x00000000eed00000)
  from space 67072K, 80% used [0x00000000f3400000,0x00000000f68ac020,0x00000000f7580000)
  to   space 72704K, 0% used [0x00000000eed00000,0x00000000eed00000,0x00000000f3400000)
 ParOldGen       total 220672K, used 149766K [0x00000000c1600000, 0x00000000ced80000, 0x00000000eb200000)
  object space 220672K, 67% used [0x00000000c1600000,0x00000000ca8419e8,0x00000000ced80000)
 Metaspace       used 12808K, capacity 13054K, committed 13184K, reserved 1060864K
  class space    used 1538K, capacity 1612K, committed 1664K, reserved 1048576K
GC Heap History (10 events):
Event: 5.326 GC heap before
{Heap before GC invocations=11 (full 3):
 PSYoungGen      total 85504K, used 38400K [0x00000000eb200000, 0x00000000f6600000, 0x0000000100000000)
  eden space 47104K, 0% used [0x00000000eb200000,0x00000000eb200000,0x00000000ee000000)
  from space 38400K, 100% used [0x00000000f1380000,0x00000000f3900000,0x00000000f3900000)
  to   space 52736K, 0% used [0x00000000ee000000,0x00000000ee000000,0x00000000f1380000)
 ParOldGen       total 150016K, used 134621K [0x00000000c1600000, 0x00000000ca880000, 0x00000000eb200000)
  object space 150016K, 89% used [0x00000000c1600000,0x00000000c9977638,0x00000000ca880000)
 Metaspace       used 11860K, capacity 12090K, committed 12416K, reserved 1060864K
  class space    used 1459K, capacity 1548K, committed 1664K, reserved 1048576K
Event: 5.864 GC heap after
Heap after GC invocations=11 (full 3):
 PSYoungGen      total 85504K, used 22996K [0x00000000eb200000, 0x00000000f6600000, 0x0000000100000000)
  eden space 47104K, 0% used [0x00000000eb200000,0x00000000eb200000,0x00000000ee000000)
  from space 38400K, 59% used [0x00000000f1380000,0x00000000f29f5050,0x00000000f3900000)
  to   space 52736K, 0% used [0x00000000ee000000,0x00000000ee000000,0x00000000f1380000)
 ParOldGen       total 220672K, used 149734K [0x00000000c1600000, 0x00000000ced80000, 0x00000000eb200000)
  object space 220672K, 67% used [0x00000000c1600000,0x00000000ca8399e8,0x00000000ced80000)
 Metaspace       used 11860K, capacity 12090K, committed 12416K, reserved 1060864K
  class space    used 1459K, capacity 1548K, committed 1664K, reserved 1048576K
}
Event: 5.952 GC heap before
{Heap before GC invocations=12 (full 3):
 PSYoungGen      total 85504K, used 70100K [0x00000000eb200000, 0x00000000f6600000, 0x0000000100000000)
  eden space 47104K, 100% used [0x00000000eb200000,0x00000000ee000000,0x00000000ee000000)
  from space 38400K, 59% used [0x00000000f1380000,0x00000000f29f5050,0x00000000f3900000)
  to   space 52736K, 0% used [0x00000000ee000000,0x00000000ee000000,0x00000000f1380000)
 ParOldGen       total 220672K, used 149734K [0x00000000c1600000, 0x00000000ced80000, 0x00000000eb200000)
  object space 220672K, 67% used [0x00000000c1600000,0x00000000ca8399e8,0x00000000ced80000)
 Metaspace       used 11875K, capacity 12154K, committed 12416K, reserved 1060864K
  class space    used 1460K, capacity 1548K, committed 1664K, reserved 1048576K
Event: 5.993 GC heap after
Heap after GC invocations=12 (full 3):
 PSYoungGen      total 99840K, used 38752K [0x00000000eb200000, 0x00000000f5780000, 0x0000000100000000)
  eden space 47104K, 0% used [0x00000000eb200000,0x00000000eb200000,0x00000000ee000000)
  from space 52736K, 73% used [0x00000000ee000000,0x00000000f05d8000,0x00000000f1380000)
  to   space 55808K, 0% used [0x00000000f2100000,0x00000000f2100000,0x00000000f5780000)
 ParOldGen       total 220672K, used 149742K [0x00000000c1600000, 0x00000000ced80000, 0x00000000eb200000)
  object space 220672K, 67% used [0x00000000c1600000,0x00000000ca83b9e8,0x00000000ced80000)
 Metaspace       used 11875K, capacity 12154K, committed 12416K, reserved 1060864K
  class space    used 1460K, capacity 1548K, committed 1664K, reserved 1048576K
}
Event: 6.064 GC heap before
{Heap before GC invocations=13 (full 3):
 PSYoungGen      total 99840K, used 85856K [0x00000000eb200000, 0x00000000f5780000, 0x0000000100000000)
  eden space 47104K, 100% used [0x00000000eb200000,0x00000000ee000000,0x00000000ee000000)
  from space 52736K, 73% used [0x00000000ee000000,0x00000000f05d8000,0x00000000f1380000)
  to   space 55808K, 0% used [0x00000000f2100000,0x00000000f2100000,0x00000000f5780000)
 ParOldGen       total 220672K, used 149742K [0x00000000c1600000, 0x00000000ced80000, 0x00000000eb200000)
  object space 220672K, 67% used [0x00000000c1600000,0x00000000ca83b9e8,0x00000000ced80000)
 Metaspace       used 11876K, capacity 12154K, committed 12416K, reserved 1060864K
  class space    used 1460K, capacity 1548K, committed 1664K, reserved 1048576K
Event: 6.105 GC heap after
Heap after GC invocations=13 (full 3):
 PSYoungGen      total 109568K, used 44096K [0x00000000eb200000, 0x00000000f6000000, 0x0000000100000000)
  eden space 53760K, 0% used [0x00000000eb200000,0x00000000eb200000,0x00000000ee680000)
  from space 55808K, 79% used [0x00000000f2100000,0x00000000f4c10000,0x00000000f5780000)
  to   space 59904K, 0% used [0x00000000ee680000,0x00000000ee680000,0x00000000f2100000)
 ParOldGen       total 220672K, used 149750K [0x00000000c1600000, 0x00000000ced80000, 0x00000000eb200000)
  object space 220672K, 67% used [0x00000000c1600000,0x00000000ca83d9e8,0x00000000ced80000)
 Metaspace       used 11876K, capacity 12154K, committed 12416K, reserved 1060864K
  class space    used 1460K, capacity 1548K, committed 1664K, reserved 1048576K
}
Event: 6.277 GC heap before
{Heap before GC invocations=14 (full 3):
 PSYoungGen      total 109568K, used 97856K [0x00000000eb200000, 0x00000000f6000000, 0x0000000100000000)
  eden space 53760K, 100% used [0x00000000eb200000,0x00000000ee680000,0x00000000ee680000)
  from space 55808K, 79% used [0x00000000f2100000,0x00000000f4c10000,0x00000000f5780000)
  to   space 59904K, 0% used [0x00000000ee680000,0x00000000ee680000,0x00000000f2100000)
 ParOldGen       total 220672K, used 149750K [0x00000000c1600000, 0x00000000ced80000, 0x00000000eb200000)
  object space 220672K, 67% used [0x00000000c1600000,0x00000000ca83d9e8,0x00000000ced80000)
 Metaspace       used 12551K, capacity 12858K, committed 13184K, reserved 1060864K
  class space    used 1526K, capacity 1612K, committed 1664K, reserved 1048576K
Event: 6.332 GC heap after
Heap after GC invocations=14 (full 3):
 PSYoungGen      total 113664K, used 54032K [0x00000000eb200000, 0x00000000f7580000, 0x0000000100000000)
  eden space 53760K, 0% used [0x00000000eb200000,0x00000000eb200000,0x00000000ee680000)
  from space 59904K, 90% used [0x00000000ee680000,0x00000000f1b44020,0x00000000f2100000)
  to   space 67072K, 0% used [0x00000000f3400000,0x00000000f3400000,0x00000000f7580000)
 ParOldGen       total 220672K, used 149758K [0x00000000c1600000, 0x00000000ced80000, 0x00000000eb200000)
  object space 220672K, 67% used [0x00000000c1600000,0x00000000ca83f9e8,0x00000000ced80000)
 Metaspace       used 12551K, capacity 12858K, committed 13184K, reserved 1060864K
  class space    used 1526K, capacity 1612K, committed 1664K, reserved 1048576K
}
Event: 6.377 GC heap before
{Heap before GC invocations=15 (full 3):
 PSYoungGen      total 113664K, used 107792K [0x00000000eb200000, 0x00000000f7580000, 0x0000000100000000)
  eden space 53760K, 100% used [0x00000000eb200000,0x00000000ee680000,0x00000000ee680000)
  from space 59904K, 90% used [0x00000000ee680000,0x00000000f1b44020,0x00000000f2100000)
  to   space 67072K, 0% used [0x00000000f3400000,0x00000000f3400000,0x00000000f7580000)
 ParOldGen       total 220672K, used 149758K [0x00000000c1600000, 0x00000000ced80000, 0x00000000eb200000)
  object space 220672K, 67% used [0x00000000c1600000,0x00000000ca83f9e8,0x00000000ced80000)
 Metaspace       used 12551K, capacity 12858K, committed 13184K, reserved 1060864K
  class space    used 1526K, capacity 1612K, committed 1664K, reserved 1048576K
Event: 6.439 GC heap after
Heap after GC invocations=15 (full 3):
 PSYoungGen      total 127488K, used 53936K [0x00000000eb200000, 0x00000000f8200000, 0x0000000100000000)
  eden space 60416K, 0% used [0x00000000eb200000,0x00000000eb200000,0x00000000eed00000)
  from space 67072K, 80% used [0x00000000f3400000,0x00000000f68ac020,0x00000000f7580000)
  to   space 72704K, 0% used [0x00000000eed00000,0x00000000eed00000,0x00000000f3400000)
 ParOldGen       total 220672K, used 149766K [0x00000000c1600000, 0x00000000ced80000, 0x00000000eb200000)
  object space 220672K, 67% used [0x00000000c1600000,0x00000000ca8419e8,0x00000000ced80000)
 Metaspace       used 12551K, capacity 12858K, committed 13184K, reserved 1060864K
  class space    used 1526K, capacity 1612K, committed 1664K, reserved 1048576K
}

