# JRE version: Java(TM) SE Runtime Environment (8.0_144-b01) (build 1.8.0_144-b01)
# Java VM: Java HotSpot(TM) 64-Bit Server VM (25.144-b01 mixed mode windows-amd64 compressed oops)
Heap:
 PSYoungGen      total 18944K, used 15917K [0x00000000eb200000, 0x00000000ec700000, 0x0000000100000000)
  eden space 16384K, 81% used [0x00000000eb200000,0x00000000ebf0b6a8,0x00000000ec200000)
  from space 2560K, 100% used [0x00000000ec200000,0x00000000ec480000,0x00000000ec480000)
  to   space 2560K, 0% used [0x00000000ec480000,0x00000000ec480000,0x00000000ec700000)
 ParOldGen       total 103424K, used 85069K [0x00000000c1600000, 0x00000000c7b00000, 0x00000000eb200000)
  object space 103424K, 82% used [0x00000000c1600000,0x00000000c6913610,0x00000000c7b00000)
 Metaspace       used 11882K, capacity 12128K, committed 12288K, reserved 1060864K
  class space    used 1451K, capacity 1513K, committed 1536K, reserved 1048576K
GC Heap History (10 events):
Event: 4.802 GC heap before
{Heap before GC invocations=2 (full 0):
 PSYoungGen      total 18944K, used 18803K [0x00000000eb200000, 0x00000000ec700000, 0x0000000100000000)
  eden space 16384K, 100% used [0x00000000eb200000,0x00000000ec200000,0x00000000ec200000)
  from space 2560K, 94% used [0x00000000ec200000,0x00000000ec45cd30,0x00000000ec480000)
  to   space 2560K, 0% used [0x00000000ec480000,0x00000000ec480000,0x00000000ec700000)
 ParOldGen       total 103424K, used 76531K [0x00000000c1600000, 0x00000000c7b00000, 0x00000000eb200000)
  object space 103424K, 73% used [0x00000000c1600000,0x00000000c60bcf50,0x00000000c7b00000)
 Metaspace       used 11882K, capacity 12128K, committed 12288K, reserved 1060864K
  class space    used 1451K, capacity 1513K, committed 1536K, reserved 1048576K
Event: 4.816 GC heap after
Heap after GC invocations=2 (full 0):
 PSYoungGen      total 18944K, used 2560K [0x00000000eb200000, 0x00000000ec700000, 0x0000000100000000)
  eden space 16384K, 0% used [0x00000000eb200000,0x00000000eb200000,0x00000000ec200000)
  from space 2560K, 100% used [0x00000000ec480000,0x00000000ec700000,0x00000000ec700000)
  to   space 2560K, 0% used [0x00000000ec200000,0x00000000ec200000,0x00000000ec480000)
 ParOldGen       total 103424K, used 85650K [0x00000000c1600000, 0x00000000c7b00000, 0x00000000eb200000)
  object space 103424K, 82% used [0x00000000c1600000,0x00000000c69a49a0,0x00000000c7b00000)
 Metaspace       used 11882K, capacity 12128K, committed 12288K, reserved 1060864K
  class space    used 1451K, capacity 1513K, committed 1536K, reserved 1048576K
}
Event: 4.838 GC heap before
{Heap before GC invocations=3 (full 0):
 PSYoungGen      total 18944K, used 18944K [0x00000000eb200000, 0x00000000ec700000, 0x0000000100000000)
  eden space 16384K, 100% used [0x00000000eb200000,0x00000000ec200000,0x00000000ec200000)
  from space 2560K, 100% used [0x00000000ec480000,0x00000000ec700000,0x00000000ec700000)
  to   space 2560K, 0% used [0x00000000ec200000,0x00000000ec200000,0x00000000ec480000)
 ParOldGen       total 103424K, used 85650K [0x00000000c1600000, 0x00000000c7b00000, 0x00000000eb200000)
  object space 103424K, 82% used [0x00000000c1600000,0x00000000c69a49a0,0x00000000c7b00000)
 Metaspace       used 11882K, capacity 12128K, committed 12288K, reserved 1060864K
  class space    used 1451K, capacity 1513K, committed 1536K, reserved 1048576K
Event: 4.853 GC heap after
Heap after GC invocations=3 (full 0):
 PSYoungGen      total 18944K, used 2560K [0x00000000eb200000, 0x00000000ec700000, 0x0000000100000000)
  eden space 16384K, 0% used [0x00000000eb200000,0x00000000eb200000,0x00000000ec200000)
  from space 2560K, 100% used [0x00000000ec200000,0x00000000ec480000,0x00000000ec480000)
  to   space 2560K, 0% used [0x00000000ec480000,0x00000000ec480000,0x00000000ec700000)
 ParOldGen       total 103424K, used 95246K [0x00000000c1600000, 0x00000000c7b00000, 0x00000000eb200000)
  object space 103424K, 92% used [0x00000000c1600000,0x00000000c73039e0,0x00000000c7b00000)
 Metaspace       used 11882K, capacity 12128K, committed 12288K, reserved 1060864K
  class space    used 1451K, capacity 1513K, committed 1536K, reserved 1048576K
}
Event: 4.853 GC heap before
{Heap before GC invocations=4 (full 1):
 PSYoungGen      total 18944K, used 2560K [0x00000000eb200000, 0x00000000ec700000, 0x0000000100000000)
  eden space 16384K, 0% used [0x00000000eb200000,0x00000000eb200000,0x00000000ec200000)
  from space 2560K, 100% used [0x00000000ec200000,0x00000000ec480000,0x00000000ec480000)
  to   space 2560K, 0% used [0x00000000ec480000,0x00000000ec480000,0x00000000ec700000)
 ParOldGen       total 103424K, used 95246K [0x00000000c1600000, 0x00000000c7b00000, 0x00000000eb200000)
  object space 103424K, 92% used [0x00000000c1600000,0x00000000c73039e0,0x00000000c7b00000)
 Metaspace       used 11882K, capacity 12128K, committed 12288K, reserved 1060864K
  class space    used 1451K, capacity 1513K, committed 1536K, reserved 1048576K
Event: 4.947 GC heap after
Heap after GC invocations=4 (full 1):
 PSYoungGen      total 18944K, used 0K [0x00000000eb200000, 0x00000000ec700000, 0x0000000100000000)
  eden space 16384K, 0% used [0x00000000eb200000,0x00000000eb200000,0x00000000ec200000)
  from space 2560K, 0% used [0x00000000ec200000,0x00000000ec200000,0x00000000ec480000)
  to   space 2560K, 0% used [0x00000000ec480000,0x00000000ec480000,0x00000000ec700000)
 ParOldGen       total 103424K, used 68105K [0x00000000c1600000, 0x00000000c7b00000, 0x00000000eb200000)
  object space 103424K, 65% used [0x00000000c1600000,0x00000000c5882580,0x00000000c7b00000)
 Metaspace       used 11882K, capacity 12128K, committed 12288K, reserved 1060864K
  class space    used 1451K, capacity 1513K, committed 1536K, reserved 1048576K
}
Event: 4.973 GC heap before
{Heap before GC invocations=5 (full 1):
 PSYoungGen      total 18944K, used 16384K [0x00000000eb200000, 0x00000000ec700000, 0x0000000100000000)
  eden space 16384K, 100% used [0x00000000eb200000,0x00000000ec200000,0x00000000ec200000)
  from space 2560K, 0% used [0x00000000ec200000,0x00000000ec200000,0x00000000ec480000)
  to   space 2560K, 0% used [0x00000000ec480000,0x00000000ec480000,0x00000000ec700000)
 ParOldGen       total 103424K, used 68105K [0x00000000c1600000, 0x00000000c7b00000, 0x00000000eb200000)
  object space 103424K, 65% used [0x00000000c1600000,0x00000000c5882580,0x00000000c7b00000)
 Metaspace       used 11882K, capacity 12128K, committed 12288K, reserved 1060864K
  class space    used 1451K, capacity 1513K, committed 1536K, reserved 1048576K
Event: 4.984 GC heap after
Heap after GC invocations=5 (full 1):
 PSYoungGen      total 18944K, used 2560K [0x00000000eb200000, 0x00000000ec700000, 0x0000000100000000)
  eden space 16384K, 0% used [0x00000000eb200000,0x00000000eb200000,0x00000000ec200000)
  from space 2560K, 100% used [0x00000000ec480000,0x00000000ec700000,0x00000000ec700000)
  to   space 2560K, 0% used [0x00000000ec200000,0x00000000ec200000,0x00000000ec480000)
 ParOldGen       total 103424K, used 75305K [0x00000000c1600000, 0x00000000c7b00000, 0x00000000eb200000)
  object space 103424K, 72% used [0x00000000c1600000,0x00000000c5f8a5c0,0x00000000c7b00000)
 Metaspace       used 11882K, capacity 12128K, committed 12288K, reserved 1060864K
  class space    used 1451K, capacity 1513K, committed 1536K, reserved 1048576K
}
Event: 5.009 GC heap before
{Heap before GC invocations=6 (full 1):
 PSYoungGen      total 18944K, used 18944K [0x00000000eb200000, 0x00000000ec700000, 0x0000000100000000)
  eden space 16384K, 100% used [0x00000000eb200000,0x00000000ec200000,0x00000000ec200000)
  from space 2560K, 100% used [0x00000000ec480000,0x00000000ec700000,0x00000000ec700000)
  to   space 2560K, 0% used [0x00000000ec200000,0x00000000ec200000,0x00000000ec480000)
 ParOldGen       total 103424K, used 75305K [0x00000000c1600000, 0x00000000c7b00000, 0x00000000eb200000)
  object space 103424K, 72% used [0x00000000c1600000,0x00000000c5f8a5c0,0x00000000c7b00000)
 Metaspace       used 11882K, capacity 12128K, committed 12288K, reserved 1060864K
  class space    used 1451K, capacity 1513K, committed 1536K, reserved 1048576K
Event: 5.025 GC heap after
Heap after GC invocations=6 (full 1):
 PSYoungGen      total 18944K, used 2560K [0x00000000eb200000, 0x00000000ec700000, 0x0000000100000000)
  eden space 16384K, 0% used [0x00000000eb200000,0x00000000eb200000,0x00000000ec200000)
  from space 2560K, 100% used [0x00000000ec200000,0x00000000ec480000,0x00000000ec480000)
  to   space 2560K, 0% used [0x00000000ec480000,0x00000000ec480000,0x00000000ec700000)
 ParOldGen       total 103424K, used 85069K [0x00000000c1600000, 0x00000000c7b00000, 0x00000000eb200000)
  object space 103424K, 82% used [0x00000000c1600000,0x00000000c6913610,0x00000000c7b00000)
 Metaspace       used 11882K, capacity 12128K, committed 12288K, reserved 1060864K
  class space    used 1451K, capacity 1513K, committed 1536K, reserved 1048576K
}

