# JRE version: Java(TM) SE Runtime Environment (8.0_144-b01) (build 1.8.0_144-b01)
# Java VM: Java HotSpot(TM) 64-Bit Server VM (25.144-b01 mixed mode windows-amd64 compressed oops)
Heap:
 PSYoungGen      total 83968K, used 83968K [0x00000000eb200000, 0x00000000f3280000, 0x0000000100000000)
  eden space 48128K, 100% used [0x00000000eb200000,0x00000000ee100000,0x00000000ee100000)
  from space 35840K, 100% used [0x00000000ee100000,0x00000000f0400000,0x00000000f0400000)
  to   space 30720K, 21% used [0x00000000f0400000,0x00000000f0a90000,0x00000000f2200000)
 ParOldGen       total 217600K, used 146566K [0x00000000c1600000, 0x00000000cea80000, 0x00000000eb200000)
  object space 217600K, 67% used [0x00000000c1600000,0x00000000ca521b70,0x00000000cea80000)
 Metaspace       used 4090K, capacity 4736K, committed 4864K, reserved 1056768K
  class space    used 439K, capacity 496K, committed 512K, reserved 1048576K
GC Heap History (10 events):
Event: 1.479 GC heap after
Heap after GC invocations=6 (full 2):
 PSYoungGen      total 44032K, used 2560K [0x00000000eb200000, 0x00000000ee780000, 0x0000000100000000)
  eden space 41472K, 0% used [0x00000000eb200000,0x00000000eb200000,0x00000000eda80000)
  from space 2560K, 100% used [0x00000000ee500000,0x00000000ee780000,0x00000000ee780000)
  to   space 2560K, 0% used [0x00000000ee280000,0x00000000ee280000,0x00000000ee500000)
 ParOldGen       total 144896K, used 98423K [0x00000000c1600000, 0x00000000ca380000, 0x00000000eb200000)
  object space 144896K, 67% used [0x00000000c1600000,0x00000000c761de50,0x00000000ca380000)
 Metaspace       used 4043K, capacity 4736K, committed 4864K, reserved 1056768K
  class space    used 438K, capacity 496K, committed 512K, reserved 1048576K
}
Event: 1.579 GC heap before
{Heap before GC invocations=7 (full 2):
 PSYoungGen      total 44032K, used 44032K [0x00000000eb200000, 0x00000000ee780000, 0x0000000100000000)
  eden space 41472K, 100% used [0x00000000eb200000,0x00000000eda80000,0x00000000eda80000)
  from space 2560K, 100% used [0x00000000ee500000,0x00000000ee780000,0x00000000ee780000)
  to   space 2560K, 0% used [0x00000000ee280000,0x00000000ee280000,0x00000000ee500000)
 ParOldGen       total 144896K, used 98423K [0x00000000c1600000, 0x00000000ca380000, 0x00000000eb200000)
  object space 144896K, 67% used [0x00000000c1600000,0x00000000c761de50,0x00000000ca380000)
 Metaspace       used 4043K, capacity 4736K, committed 4864K, reserved 1056768K
  class space    used 438K, capacity 496K, committed 512K, reserved 1048576K
Event: 1.609 GC heap after
Heap after GC invocations=7 (full 2):
 PSYoungGen      total 52224K, used 2560K [0x00000000eb200000, 0x00000000f2200000, 0x0000000100000000)
  eden space 49664K, 0% used [0x00000000eb200000,0x00000000eb200000,0x00000000ee280000)
  from space 2560K, 100% used [0x00000000ee280000,0x00000000ee500000,0x00000000ee500000)
  to   space 30720K, 0% used [0x00000000f0400000,0x00000000f0400000,0x00000000f2200000)
 ParOldGen       total 144896K, used 123139K [0x00000000c1600000, 0x00000000ca380000, 0x00000000eb200000)
  object space 144896K, 84% used [0x00000000c1600000,0x00000000c8e40f80,0x00000000ca380000)
 Metaspace       used 4043K, capacity 4736K, committed 4864K, reserved 1056768K
  class space    used 438K, capacity 496K, committed 512K, reserved 1048576K
}
Event: 1.609 GC heap before
{Heap before GC invocations=8 (full 3):
 PSYoungGen      total 52224K, used 2560K [0x00000000eb200000, 0x00000000f2200000, 0x0000000100000000)
  eden space 49664K, 0% used [0x00000000eb200000,0x00000000eb200000,0x00000000ee280000)
  from space 2560K, 100% used [0x00000000ee280000,0x00000000ee500000,0x00000000ee500000)
  to   space 30720K, 0% used [0x00000000f0400000,0x00000000f0400000,0x00000000f2200000)
 ParOldGen       total 144896K, used 123139K [0x00000000c1600000, 0x00000000ca380000, 0x00000000eb200000)
  object space 144896K, 84% used [0x00000000c1600000,0x00000000c8e40f80,0x00000000ca380000)
 Metaspace       used 4043K, capacity 4736K, committed 4864K, reserved 1056768K
  class space    used 438K, capacity 496K, committed 512K, reserved 1048576K
Event: 2.430 GC heap after
Heap after GC invocations=8 (full 3):
 PSYoungGen      total 52224K, used 0K [0x00000000eb200000, 0x00000000f2200000, 0x0000000100000000)
  eden space 49664K, 0% used [0x00000000eb200000,0x00000000eb200000,0x00000000ee280000)
  from space 2560K, 0% used [0x00000000ee280000,0x00000000ee280000,0x00000000ee500000)
  to   space 30720K, 0% used [0x00000000f0400000,0x00000000f0400000,0x00000000f2200000)
 ParOldGen       total 217600K, used 125442K [0x00000000c1600000, 0x00000000cea80000, 0x00000000eb200000)
  object space 217600K, 57% used [0x00000000c1600000,0x00000000c9080ad0,0x00000000cea80000)
 Metaspace       used 4043K, capacity 4736K, committed 4864K, reserved 1056768K
  class space    used 438K, capacity 496K, committed 512K, reserved 1048576K
}
Event: 2.552 GC heap before
{Heap before GC invocations=9 (full 3):
 PSYoungGen      total 52224K, used 49664K [0x00000000eb200000, 0x00000000f2200000, 0x0000000100000000)
  eden space 49664K, 100% used [0x00000000eb200000,0x00000000ee280000,0x00000000ee280000)
  from space 2560K, 0% used [0x00000000ee280000,0x00000000ee280000,0x00000000ee500000)
  to   space 30720K, 0% used [0x00000000f0400000,0x00000000f0400000,0x00000000f2200000)
 ParOldGen       total 217600K, used 125442K [0x00000000c1600000, 0x00000000cea80000, 0x00000000eb200000)
  object space 217600K, 57% used [0x00000000c1600000,0x00000000c9080ad0,0x00000000cea80000)
 Metaspace       used 4043K, capacity 4736K, committed 4864K, reserved 1056768K
  class space    used 438K, capacity 496K, committed 512K, reserved 1048576K
Event: 2.590 GC heap after
Heap after GC invocations=9 (full 3):
 PSYoungGen      total 78848K, used 29536K [0x00000000eb200000, 0x00000000f3280000, 0x0000000100000000)
  eden space 48128K, 0% used [0x00000000eb200000,0x00000000eb200000,0x00000000ee100000)
  from space 30720K, 96% used [0x00000000f0400000,0x00000000f20d8000,0x00000000f2200000)
  to   space 35840K, 0% used [0x00000000ee100000,0x00000000ee100000,0x00000000f0400000)
 ParOldGen       total 217600K, used 125442K [0x00000000c1600000, 0x00000000cea80000, 0x00000000eb200000)
  object space 217600K, 57% used [0x00000000c1600000,0x00000000c9080ad0,0x00000000cea80000)
 Metaspace       used 4043K, capacity 4736K, committed 4864K, reserved 1056768K
  class space    used 438K, capacity 496K, committed 512K, reserved 1048576K
}
Event: 2.769 GC heap before
{Heap before GC invocations=10 (full 3):
 PSYoungGen      total 78848K, used 77664K [0x00000000eb200000, 0x00000000f3280000, 0x0000000100000000)
  eden space 48128K, 100% used [0x00000000eb200000,0x00000000ee100000,0x00000000ee100000)
  from space 30720K, 96% used [0x00000000f0400000,0x00000000f20d8000,0x00000000f2200000)
  to   space 35840K, 0% used [0x00000000ee100000,0x00000000ee100000,0x00000000f0400000)
 ParOldGen       total 217600K, used 125442K [0x00000000c1600000, 0x00000000cea80000, 0x00000000eb200000)
  object space 217600K, 57% used [0x00000000c1600000,0x00000000c9080ad0,0x00000000cea80000)
 Metaspace       used 4083K, capacity 4736K, committed 4864K, reserved 1056768K
  class space    used 439K, capacity 496K, committed 512K, reserved 1048576K
Event: 2.887 GC heap after
Heap after GC invocations=10 (full 3):
 PSYoungGen      total 83968K, used 35840K [0x00000000eb200000, 0x00000000f3280000, 0x0000000100000000)
  eden space 48128K, 0% used [0x00000000eb200000,0x00000000eb200000,0x00000000ee100000)
  from space 35840K, 100% used [0x00000000ee100000,0x00000000f0400000,0x00000000f0400000)
  to   space 30720K, 0% used [0x00000000f0400000,0x00000000f0400000,0x00000000f2200000)
 ParOldGen       total 217600K, used 146558K [0x00000000c1600000, 0x00000000cea80000, 0x00000000eb200000)
  object space 217600K, 67% used [0x00000000c1600000,0x00000000ca51fb70,0x00000000cea80000)
 Metaspace       used 4083K, capacity 4736K, committed 4864K, reserved 1056768K
  class space    used 439K, capacity 496K, committed 512K, reserved 1048576K
}
Event: 3.078 GC heap before
{Heap before GC invocations=11 (full 3):
 PSYoungGen      total 83968K, used 83968K [0x00000000eb200000, 0x00000000f3280000, 0x0000000100000000)
  eden space 48128K, 100% used [0x00000000eb200000,0x00000000ee100000,0x00000000ee100000)
  from space 35840K, 100% used [0x00000000ee100000,0x00000000f0400000,0x00000000f0400000)
  to   space 30720K, 0% used [0x00000000f0400000,0x00000000f0400000,0x00000000f2200000)
 ParOldGen       total 217600K, used 146558K [0x00000000c1600000, 0x00000000cea80000, 0x00000000eb200000)
  object space 217600K, 67% used [0x00000000c1600000,0x00000000ca51fb70,0x00000000cea80000)
 Metaspace       used 4090K, capacity 4736K, committed 4864K, reserved 1056768K
  class space    used 439K, capacity 496K, committed 512K, reserved 1048576K

